


ARM Macro Assembler    Page 1 


    1 00000000         ;Register           EQU     Address
    2 00000000         ;----------------- -----   ------------
    3 00000000 40021020 
                       I2C1_MCR
                               EQU              0x40021020
    4 00000000 4002100C 
                       I2C1_MTPR
                               EQU              0x4002100C
    5 00000000 40021000 
                       I2C1_MSA
                               EQU              0x40021000
    6 00000000 40021008 
                       I2C1_MDR
                               EQU              0x40021008
    7 00000000 40021004 
                       I2C1_MCS
                               EQU              0x40021004
    8 00000000         
    9 00000000                 AREA             |.text|, READONLY, CODE, ALIGN=
2
   10 00000000                 THUMB
   11 00000000         
   12 00000000                 EXPORT           writeToDac  ; Make available
   13 00000000         
   14 00000000         writeToDac
                               PROC
   15 00000000         
   16 00000000 B500            PUSH             {LR}
   17 00000002         ;Use R3 for storing data
   18 00000002         
   19 00000002         ; Set the slave address to 0x62
   20 00000002 4920    idle    LDR              R1, =I2C1_MSA
   21 00000004 F04F 00C4       MOV              R0, #0xC4   ; 
   22 00000008 6008            STR              R0, [R1]
   23 0000000A         
   24 0000000A         ;Place data (byte) to be transmitted in the data registe
                       r 
   25 0000000A         ;by writing the I2CMDR register with the desired data
   26 0000000A         
   27 0000000A F814 3B01       LDRB             R3,[R4],#1  ; Post Increment
   28 0000000E EA4F 1313       LSR              R3, #4      ;Shift since we are
                                                             only using 4 bits
   29 00000012 491D            LDR              R1, =I2C1_MDR
   30 00000014 600B            STR              R3, [R1]
   31 00000016         
   32 00000016         
   33 00000016         ;Initiate a single byte transmit of the data from Master
                        to Slave
   34 00000016 491D            LDR              R1, =I2C1_MCS ;
   35 00000018 F04F 0003       MOV              R0, #0x03
   36 0000001C 6008            STR              R0, [R1]
   37 0000001E         
   38 0000001E         ;check busy bit
   39 0000001E 491B    read_again
                               LDR              R1, =I2C1_MCS
   40 00000020 680A            LDR              R2, [R1]
   41 00000022 F002 0201       AND              R2, #0x01
   42 00000026 2A00            CMP              R2, #0
   43 00000028 D1F9            BNE              read_again



ARM Macro Assembler    Page 2 


   44 0000002A         
   45 0000002A         
   46 0000002A         ;check error bit  in the I2CMCS register to confirm the 
                       transmit was acknowledged
   47 0000002A 680A            LDR              R2, [R1]
   48 0000002C F002 0202       AND              R2, #0x02
   49 00000030 2A00            CMP              R2, #0
   50 00000032 D103            BNE              error
   51 00000034 D007            BEQ              continue
   52 00000036         
   53 00000036 F04F 0004 
                       write_mcs
                               MOV              R0, #0x04
   54 0000003A 6008            STR              R0, [R1]
   55 0000003C         ;B       idle
   56 0000003C         ;ARBLST bit=1?
   57 0000003C         
   58 0000003C 680A    error   LDR              R2, [R1]
   59 0000003E F002 0210       AND              R2, #0x10
   60 00000042 2A00            CMP              R2, #0
   61 00000044 D1F7            BNE              write_mcs
   62 00000046         ;if error bit is zero
   63 00000046         
   64 00000046 7823    continue
                               LDRB             R3,[R4]     ; Don't need to Pos
                                                            t Increment (Alread
                                                            y Done Above)
   65 00000048 EA4F 1303       LSL              R3,#4       ;Shift since we are
                                                             only using 4 bits
   66 0000004C 490E            LDR              R1, =I2C1_MDR
   67 0000004E 600B            STR              R3, [R1]
   68 00000050         ;check index
   69 00000050         
   70 00000050 490E            LDR              R1, =I2C1_MCS
   71 00000052 F04F 0001       MOV              R0, #0x01
   72 00000056 6008            STR              R0, [R1]
   73 00000058         
   74 00000058         ;check busy bit
   75 00000058 490C    read_ag LDR              R1, =I2C1_MCS
   76 0000005A 680A            LDR              R2, [R1]
   77 0000005C F002 0201       AND              R2, #0x1
   78 00000060 2A00            CMP              R2, #0
   79 00000062 D1F9            BNE              read_ag
   80 00000064         
   81 00000064         
   82 00000064         ;check error bit  in the I2CMCS register to confirm the 
                       transmit was acknowledged
   83 00000064 680A            LDR              R2, [R1]
   84 00000066 F002 0202       AND              R2, #0x02
   85 0000006A 2A00            CMP              R2, #0
   86 0000006C         ;BNE     idle
   87 0000006C         
   88 0000006C         ;EOT? 
   89 0000006C         
   90 0000006C 4907            LDR              R1, =I2C1_MCS
   91 0000006E F04F 0000       MOV              R0, #0x00
   92 00000072 6008            STR              R0, [R1]
   93 00000074         
   94 00000074 4905            LDR              R1, =I2C1_MCS



ARM Macro Assembler    Page 3 


   95 00000076 F04F 0004       MOV              R0, #0x04
   96 0000007A 6008            STR              R0, [R1]
   97 0000007C         
   98 0000007C F85D EB04       POP              {LR}
   99 00000080 4770            BX               LR          ; Return
  100 00000082         
  101 00000082                 ENDP
  102 00000082 00 00           ALIGN
  103 00000084                 END
              40021000 
              40021008 
              40021004 
Command Line: --debug --xref --diag_suppress=9931 --cpu=Cortex-M4.fp --apcs=int
erwork --depend=.\objects\i2c.d -o.\objects\i2c.o -I.\RTE\_Target_1 -IC:\Keil_v
5\ARM\PACK\Keil\TM4C_DFP\1.1.0\Device\Include\TM4C123 -IC:\Keil_v5\ARM\CMSIS\In
clude --predefine="__EVAL SETA 1" --predefine="__UVISION_VERSION SETA 524" --pr
edefine="TM4C1231H6PM SETA 1" --list=.\listings\i2c.lst codes\I2C.s



ARM Macro Assembler    Page 1 Alphabetic symbol ordering
Relocatable symbols

.text 00000000

Symbol: .text
   Definitions
      At line 9 in file codes\I2C.s
   Uses
      None
Comment: .text unused
continue 00000046

Symbol: continue
   Definitions
      At line 64 in file codes\I2C.s
   Uses
      At line 51 in file codes\I2C.s
Comment: continue used once
error 0000003C

Symbol: error
   Definitions
      At line 58 in file codes\I2C.s
   Uses
      At line 50 in file codes\I2C.s
Comment: error used once
idle 00000002

Symbol: idle
   Definitions
      At line 20 in file codes\I2C.s
   Uses
      None
Comment: idle unused
read_ag 00000058

Symbol: read_ag
   Definitions
      At line 75 in file codes\I2C.s
   Uses
      At line 79 in file codes\I2C.s
Comment: read_ag used once
read_again 0000001E

Symbol: read_again
   Definitions
      At line 39 in file codes\I2C.s
   Uses
      At line 43 in file codes\I2C.s
Comment: read_again used once
writeToDac 00000000

Symbol: writeToDac
   Definitions
      At line 14 in file codes\I2C.s
   Uses
      At line 12 in file codes\I2C.s
Comment: writeToDac used once
write_mcs 00000036

Symbol: write_mcs



ARM Macro Assembler    Page 2 Alphabetic symbol ordering
Relocatable symbols

   Definitions
      At line 53 in file codes\I2C.s
   Uses
      At line 61 in file codes\I2C.s
Comment: write_mcs used once
8 symbols



ARM Macro Assembler    Page 1 Alphabetic symbol ordering
Absolute symbols

I2C1_MCR 40021020

Symbol: I2C1_MCR
   Definitions
      At line 3 in file codes\I2C.s
   Uses
      None
Comment: I2C1_MCR unused
I2C1_MCS 40021004

Symbol: I2C1_MCS
   Definitions
      At line 7 in file codes\I2C.s
   Uses
      At line 34 in file codes\I2C.s
      At line 39 in file codes\I2C.s
      At line 70 in file codes\I2C.s
      At line 75 in file codes\I2C.s
      At line 90 in file codes\I2C.s
      At line 94 in file codes\I2C.s

I2C1_MDR 40021008

Symbol: I2C1_MDR
   Definitions
      At line 6 in file codes\I2C.s
   Uses
      At line 29 in file codes\I2C.s
      At line 66 in file codes\I2C.s

I2C1_MSA 40021000

Symbol: I2C1_MSA
   Definitions
      At line 5 in file codes\I2C.s
   Uses
      At line 20 in file codes\I2C.s
Comment: I2C1_MSA used once
I2C1_MTPR 4002100C

Symbol: I2C1_MTPR
   Definitions
      At line 4 in file codes\I2C.s
   Uses
      None
Comment: I2C1_MTPR unused
5 symbols
349 symbols in table
