


ARM Macro Assembler    Page 1 


    1 00000000 400FE060 
                       RCC     EQU              0x400FE060  ; Run mode clock co
                                                            nfiguration registe
                                                            r 
    2 00000000         
    3 00000000 400FE100 
                       RCGC0   EQU              0x400FE100  ; 
    4 00000000 400FE608 
                       RCGCGPIO
                               EQU              0x400FE608  ; GPIO clock regist
                                                            er 
    5 00000000 40005420 
                       PORTB_AFSEL
                               EQU              0x40005420  ;
    6 00000000 4000551C 
                       PORTB_DEN
                               EQU              0x4000551C  ;
    7 00000000 40005528 
                       PORTB_AMSEL
                               EQU              0x40005528  ;
    8 00000000 4000552C 
                       PORTB_PCTL
                               EQU              0x4000552C  ;
    9 00000000         
   10 00000000 40028040 
                       PWM0_0CTL
                               EQU              0x40028040  ;
   11 00000000 40028060 
                       PWM0_0GENA
                               EQU              0x40028060  ;
   12 00000000 40028050 
                       PWM0_0LOAD
                               EQU              0x40028050  ; 
   13 00000000 40028058 
                       PWM0_0CMPA
                               EQU              0x40028058  ;
   14 00000000 40028044 
                       PWM0_0INTEN
                               EQU              0x40028044  ;
   15 00000000 40028008 
                       PWM0_ENABLE
                               EQU              0x40028008  ;
   16 00000000         
   17 00000000         
   18 00000000         ;label   directive   value   comment
   19 00000000                 AREA             pwmInitializeRoutine,CODE,READO
NLY
   20 00000000                 THUMB
   21 00000000                 EXPORT           pwmInit
   22 00000000         
   23 00000000         pwmInit PROC
   24 00000000         
   25 00000000 B503            PUSH{LR,R1,R0}
   26 00000002         
   27 00000002 4826            LDR              R0,=RCGC0   ;Enable PWM Clock 
   28 00000004 6801            LDR              R1,[R0]     ;
   29 00000006 F441 1180       ORR              R1,#0x00100000 ;
   30 0000000A 6001            STR              R1,[R0]     ;
   31 0000000C         



ARM Macro Assembler    Page 2 


   32 0000000C BF00            NOP                          ;Wait for the clock
                                                             to stabalise
   33 0000000E BF00            NOP
   34 00000010 BF00            NOP
   35 00000012         
   36 00000012 4823            LDR              R0,=RCGCGPIO ;Turn on the clock
                                                             for PORT B 
   37 00000014 6801            LDR              R1,[R0]     ;
   38 00000016 F041 0102       ORR              R1,#0x02    ;
   39 0000001A 6001            STR              R1,[R0]     ;
   40 0000001C         
   41 0000001C BF00            NOP                          ;Wait for the clock
                                                             to stabalise
   42 0000001E BF00            NOP
   43 00000020 BF00            NOP
   44 00000022         
   45 00000022         ; Enable alternate functions
   46 00000022 4820            LDR              R0, =PORTB_AFSEL
   47 00000024 6801            LDR              R1, [R0]
   48 00000026 F041 0140       ORR              R1, #0x40   ; set bit 6 to enab
                                                            le alt functions on
                                                             PE3
   49 0000002A 6001            STR              R1, [R0]
   50 0000002C         
   51 0000002C         ; Enable alternate functions
   52 0000002C 481E            LDR              R0, =PORTB_PCTL
   53 0000002E 6801            LDR              R1, [R0]
   54 00000030 F021 6170       BIC              R1, #0x0F000000 ; clear the bit
                                                            s corresponding to 
                                                            PB6
   55 00000034 F041 6180       ORR              R1, #0x04000000 ; select the pi
                                                            n for M0PWM0
   56 00000038 6001            STR              R1, [R0]
   57 0000003A         
   58 0000003A 481C            LDR              R0, =PORTB_DEN
   59 0000003C 6801            LDR              R1, [R0]
   60 0000003E F041 0140       ORR              R1, #0x40   ; clear bit 6 to en
                                                            able digital on PB6
                                                            
   61 00000042 6001            STR              R1, [R0]
   62 00000044         
   63 00000044         ; Enable analog on PE3
   64 00000044 481A            LDR              R0, =PORTB_AMSEL
   65 00000046 6801            LDR              R1, [R0]
   66 00000048 F021 0140       BIC              R1, #0x40   ; set bit 6 to disa
                                                            ble analog on PB6
   67 0000004C 6001            STR              R1, [R0]
   68 0000004E         
   69 0000004E         ;PWM Configurations
   70 0000004E         
   71 0000004E 4819            LDR              R0, =RCC    ;Congiguring PWM cl
                                                            ock source
   72 00000050 6801            LDR              R1, [R0]
   73 00000052 F441 1180       ORR              R1, #0x100000 
                                                            ; Set USEPWMDIV bit
                                                            
   74 00000056 F421 2160       BIC              R1, #0xE0000 ; set PWMDIV to (0
                                                            00)
   75 0000005A 6001            STR              R1, [R0]



ARM Macro Assembler    Page 3 


   76 0000005C         
   77 0000005C 4816            LDR              R0, =PWM0_0CTL ;Diable PWM0*
   78 0000005E F04F 0100       MOV              R1,  #0x0   ; 
   79 00000062 6001            STR              R1, [R0]
   80 00000064         
   81 00000064 4815            LDR              R0, =PWM0_0GENA ;
   82 00000066 F04F 018C       MOV              R1,  #0x0000008C ; 
   83 0000006A 6001            STR              R1, [R0]
   84 0000006C         
   85 0000006C 4814            LDR              R0, =PWM0_0LOAD ;
   86 0000006E F240 41E2       MOV              R1,  #1250  ; 
   87 00000072 6001            STR              R1, [R0]
   88 00000074         
   89 00000074 4813            LDR              R0, =PWM0_0CMPA ;
   90 00000076 F44F 6196       MOV              R1,  #1200  ; 
   91 0000007A 6001            STR              R1, [R0]
   92 0000007C         
   93 0000007C 4812            LDR              R0, =PWM0_0INTEN ;
   94 0000007E 6801            LDR              R1, [R0]
   95 00000080 F441 7180       ORR              R1, #0x100  ; set PWM to trigge
                                                            r the ADC on counte
                                                            r = 0
   96 00000084 6001            STR              R1, [R0]
   97 00000086         
   98 00000086         
   99 00000086 480C            LDR              R0, =PWM0_0CTL ;Enable PWM0*
  100 00000088 F04F 0101       MOV              R1,  #0x1   ; 
  101 0000008C 6001            STR              R1, [R0]
  102 0000008E         
  103 0000008E 480F            LDR              R0, =PWM0_ENABLE ;Enable Ootput
                                                            
  104 00000090 F04F 0103       MOV              R1,  #0x3   ; 
  105 00000094 6001            STR              R1, [R0]
  106 00000096         
  107 00000096         
  108 00000096 E8BD 4003       POP{LR,R1,R0}
  109 0000009A 4770            BX               LR
  110 0000009C                 ENDP
  111 0000009C         
  112 0000009C                 ALIGN
  113 0000009C                 END
              400FE100 
              400FE608 
              40005420 
              4000552C 
              4000551C 
              40005528 
              400FE060 
              40028040 
              40028060 
              40028050 
              40028058 
              40028044 
              40028008 
Command Line: --debug --xref --diag_suppress=9931 --cpu=Cortex-M4.fp --apcs=int
erwork --depend=.\objects\pwminit.d -o.\objects\pwminit.o -I.\RTE\_Target_1 -ID
:\Keil_v5\ARM\PACK\Keil\TM4C_DFP\1.1.0\Device\Include\TM4C123 -ID:\Keil_v5\ARM\
CMSIS\Include --predefine="__EVAL SETA 1" --predefine="__UVISION_VERSION SETA 5
24" --predefine="TM4C1231H6PM SETA 1" --list=.\listings\pwminit.lst codes\pwmIn



ARM Macro Assembler    Page 4 


it.s



ARM Macro Assembler    Page 1 Alphabetic symbol ordering
Relocatable symbols

pwmInit 00000000

Symbol: pwmInit
   Definitions
      At line 23 in file codes\pwmInit.s
   Uses
      At line 21 in file codes\pwmInit.s
Comment: pwmInit used once
pwmInitializeRoutine 00000000

Symbol: pwmInitializeRoutine
   Definitions
      At line 19 in file codes\pwmInit.s
   Uses
      None
Comment: pwmInitializeRoutine unused
2 symbols



ARM Macro Assembler    Page 1 Alphabetic symbol ordering
Absolute symbols

PORTB_AFSEL 40005420

Symbol: PORTB_AFSEL
   Definitions
      At line 5 in file codes\pwmInit.s
   Uses
      At line 46 in file codes\pwmInit.s
Comment: PORTB_AFSEL used once
PORTB_AMSEL 40005528

Symbol: PORTB_AMSEL
   Definitions
      At line 7 in file codes\pwmInit.s
   Uses
      At line 64 in file codes\pwmInit.s
Comment: PORTB_AMSEL used once
PORTB_DEN 4000551C

Symbol: PORTB_DEN
   Definitions
      At line 6 in file codes\pwmInit.s
   Uses
      At line 58 in file codes\pwmInit.s
Comment: PORTB_DEN used once
PORTB_PCTL 4000552C

Symbol: PORTB_PCTL
   Definitions
      At line 8 in file codes\pwmInit.s
   Uses
      At line 52 in file codes\pwmInit.s
Comment: PORTB_PCTL used once
PWM0_0CMPA 40028058

Symbol: PWM0_0CMPA
   Definitions
      At line 13 in file codes\pwmInit.s
   Uses
      At line 89 in file codes\pwmInit.s
Comment: PWM0_0CMPA used once
PWM0_0CTL 40028040

Symbol: PWM0_0CTL
   Definitions
      At line 10 in file codes\pwmInit.s
   Uses
      At line 77 in file codes\pwmInit.s
      At line 99 in file codes\pwmInit.s

PWM0_0GENA 40028060

Symbol: PWM0_0GENA
   Definitions
      At line 11 in file codes\pwmInit.s
   Uses
      At line 81 in file codes\pwmInit.s
Comment: PWM0_0GENA used once
PWM0_0INTEN 40028044




ARM Macro Assembler    Page 2 Alphabetic symbol ordering
Absolute symbols

Symbol: PWM0_0INTEN
   Definitions
      At line 14 in file codes\pwmInit.s
   Uses
      At line 93 in file codes\pwmInit.s
Comment: PWM0_0INTEN used once
PWM0_0LOAD 40028050

Symbol: PWM0_0LOAD
   Definitions
      At line 12 in file codes\pwmInit.s
   Uses
      At line 85 in file codes\pwmInit.s
Comment: PWM0_0LOAD used once
PWM0_ENABLE 40028008

Symbol: PWM0_ENABLE
   Definitions
      At line 15 in file codes\pwmInit.s
   Uses
      At line 103 in file codes\pwmInit.s
Comment: PWM0_ENABLE used once
RCC 400FE060

Symbol: RCC
   Definitions
      At line 1 in file codes\pwmInit.s
   Uses
      At line 71 in file codes\pwmInit.s
Comment: RCC used once
RCGC0 400FE100

Symbol: RCGC0
   Definitions
      At line 3 in file codes\pwmInit.s
   Uses
      At line 27 in file codes\pwmInit.s
Comment: RCGC0 used once
RCGCGPIO 400FE608

Symbol: RCGCGPIO
   Definitions
      At line 4 in file codes\pwmInit.s
   Uses
      At line 36 in file codes\pwmInit.s
Comment: RCGCGPIO used once
13 symbols
351 symbols in table
